#
# There is insufficient memory for the Java Runtime Environment to continue.
# Native memory allocation (malloc) failed to allocate 1048576 bytes for AllocateHeap
# Possible reasons:
#   The system is out of physical RAM or swap space
#   The process is running with CompressedOops enabled, and the Java Heap may be blocking the growth of the native heap
# Possible solutions:
#   Reduce memory load on the system
#   Increase physical memory or swap space
#   Check if swap backing store is full
#   Decrease Java heap size (-Xmx/-Xms)
#   Decrease number of Java threads
#   Decrease Java thread stack sizes (-Xss)
#   Set larger code cache with -XX:ReservedCodeCacheSize=
#   JVM is running with Zero Based Compressed Oops mode in which the Java heap is
#     placed in the first 32GB address space. The Java Heap base address is the
#     maximum limit for the native heap growth. Please use -XX:HeapBaseMinAddress
#     to set the Java Heap base and to place the Java Heap above 32GB virtual address.
# This output file may be truncated or incomplete.
#
#  Out of Memory Error (memory/allocation.inline.hpp:61), pid=22880, tid=0x0000000000002ff0
#
# JRE version:  (8.0_241-b07) (build )
# Java VM: Java HotSpot(TM) 64-Bit Server VM (25.241-b07 mixed mode windows-amd64 compressed oops)
# Failed to write core dump. Minidumps are not enabled by default on client versions of Windows
#

---------------  T H R E A D  ---------------

Current thread (0x0000000000e8d800):  JavaThread "Unknown thread" [_thread_in_vm, id=12272, stack(0x00000000026c0000,0x00000000027c0000)]

Stack: [0x00000000026c0000,0x00000000027c0000]
[error occurred during error reporting (printing stack bounds), id 0xc0000005]

Native frames: (J=compiled Java code, j=interpreted, Vv=VM code, C=native code)


---------------  P R O C E S S  ---------------

Java Threads: ( => current thread )

Other Threads:

=>0x0000000000e8d800 (exited) JavaThread "Unknown thread" [_thread_in_vm, id=12272, stack(0x00000000026c0000,0x00000000027c0000)]

VM state:not at safepoint (normal execution)

VM Mutex/Monitor currently owned by a thread: None

heap address: 0x00000003c0000000, size: 16384 MB, Compressed Oops mode: Zero based, Oop shift amount: 3
Narrow klass base: 0x0000000000000000, Narrow klass shift: 3
Compressed class space size: 1073741824 Address: 0x00000007c0000000

Heap:
 PSYoungGen      total 304640K, used 5222K [0x000000066ab00000, 0x000000067ff00000, 0x00000007c0000000)
  eden space 261120K, 2% used [0x000000066ab00000,0x000000066b0199a8,0x000000067aa00000)
  from space 43520K, 0% used [0x000000067d480000,0x000000067d480000,0x000000067ff00000)
  to   space 43520K, 0% used [0x000000067aa00000,0x000000067aa00000,0x000000067d480000)
 ParOldGen       total 696320K, used 0K [0x00000003c0000000, 0x00000003ea800000, 0x000000066ab00000)
  object space 696320K, 0% used [0x00000003c0000000,0x00000003c0000000,0x00000003ea800000)
 Metaspace       used 752K, capacity 4480K, committed 4480K, reserved 1056768K
  class space    used 76K, capacity 384K, committed 384K, reserved 1048576K

Card table byte_map: [0x0000000011cd0000,0x0000000013ce0000] byte_map_base: 0x000000000fed0000

Marking Bits: (ParMarkBitMap*) 0x0000000055fabe30
 Begin Bits: [0x0000000015c40000, 0x0000000025c40000)
 End Bits:   [0x0000000025c40000, 0x0000000035c40000)

Polling page: 0x0000000000e40000

CodeCache: size=245760Kb used=328Kb max_used=328Kb free=245431Kb
 bounds [0x0000000002910000, 0x0000000002b80000, 0x0000000011910000]
 total_blobs=58 nmethods=0 adapters=38
 compilation: enabled

Compilation events (0 events):
No events

GC Heap History (0 events):
No events

Deoptimization events (0 events):
No events

Classes redefined (0 events):
No events

Internal exceptions (0 events):
No events

Events (10 events):
Event: 0.638 loading class java/lang/Short
Event: 0.638 loading class java/lang/Short done
Event: 0.638 loading class java/lang/Integer
Event: 0.638 loading class java/lang/Integer done
Event: 0.638 loading class java/lang/Long
Event: 0.639 loading class java/lang/Long done
Event: 0.639 loading class java/lang/NullPointerException
Event: 0.639 loading class java/lang/NullPointerException done
Event: 0.639 loading class java/lang/ArithmeticException
Event: 0.639 loading class java/lang/ArithmeticException done


Dynamic libraries:
0x00007ff79e900000 - 0x00007ff79e937000 	C:\Program Files\Java\jre1.8.0_241\bin\javaw.exe
0x00007ff91d580000 - 0x00007ff91d770000 	C:\Windows\SYSTEM32\ntdll.dll
0x00007ff91d0b0000 - 0x00007ff91d162000 	C:\Windows\System32\KERNEL32.DLL
0x00007ff91a590000 - 0x00007ff91a833000 	C:\Windows\System32\KERNELBASE.dll
0x00007ff91b8e0000 - 0x00007ff91b983000 	C:\Windows\System32\ADVAPI32.dll
0x00007ff91bfb0000 - 0x00007ff91c04e000 	C:\Windows\System32\msvcrt.dll
0x00007ff91b840000 - 0x00007ff91b8d7000 	C:\Windows\System32\sechost.dll
0x00007ff91d3c0000 - 0x00007ff91d4e0000 	C:\Windows\System32\RPCRT4.dll
0x00007ff91d1d0000 - 0x00007ff91d363000 	C:\Windows\System32\USER32.dll
0x00007ff91b600000 - 0x00007ff91b621000 	C:\Windows\System32\win32u.dll
0x00007ff91b790000 - 0x00007ff91b7b6000 	C:\Windows\System32\GDI32.dll
0x00007ff91b360000 - 0x00007ff91b4f4000 	C:\Windows\System32\gdi32full.dll
0x00007ff91b150000 - 0x00007ff91b1ee000 	C:\Windows\System32\msvcp_win.dll
0x00007ff91b500000 - 0x00007ff91b5fa000 	C:\Windows\System32\ucrtbase.dll
0x00007ff8fbc20000 - 0x00007ff8fbea5000 	C:\Windows\WinSxS\amd64_microsoft.windows.common-controls_6595b64144ccf1df_6.0.18362.329_none_e6c7b0c7130c72de\COMCTL32.dll
0x00007ff91c050000 - 0x00007ff91c386000 	C:\Windows\System32\combase.dll
0x00007ff91b020000 - 0x00007ff91b0a0000 	C:\Windows\System32\bcryptPrimitives.dll
0x00007ff91d390000 - 0x00007ff91d3be000 	C:\Windows\System32\IMM32.DLL
0x0000000053c60000 - 0x0000000053d32000 	C:\Program Files\Java\jre1.8.0_241\bin\msvcr100.dll
0x0000000055780000 - 0x000000005602c000 	C:\Program Files\Java\jre1.8.0_241\bin\server\jvm.dll
0x00007ff91b770000 - 0x00007ff91b778000 	C:\Windows\System32\PSAPI.DLL
0x00007ff90dd60000 - 0x00007ff90dd84000 	C:\Windows\SYSTEM32\WINMM.dll
0x00007ff90ecf0000 - 0x00007ff90ecfa000 	C:\Windows\SYSTEM32\VERSION.dll
0x00007ff905190000 - 0x00007ff905199000 	C:\Windows\SYSTEM32\WSOCK32.dll
0x00007ff91c710000 - 0x00007ff91c77f000 	C:\Windows\System32\WS2_32.dll
0x00007ff90dd30000 - 0x00007ff90dd5d000 	C:\Windows\SYSTEM32\WINMMBASE.dll
0x00007ff91a510000 - 0x00007ff91a55a000 	C:\Windows\System32\cfgmgr32.dll
0x00007ff912480000 - 0x00007ff91248f000 	C:\Program Files\Java\jre1.8.0_241\bin\verify.dll
0x00007ff8eea20000 - 0x00007ff8eea49000 	C:\Program Files\Java\jre1.8.0_241\bin\java.dll
0x00007ff9028a0000 - 0x00007ff9028b6000 	C:\Program Files\Java\jre1.8.0_241\bin\zip.dll

VM Arguments:
jvm_args: -Xmx16G -Dfile.encoding=Cp1252 
java_command: simulator.Main
java_class_path (initial): C:\Users\Ich\Documents\CleanVersion\ModelingCovid\bin
Launcher Type: SUN_STANDARD

Environment Variables:
PATH=C:/Users/Ich/Documents/eclipse-jee_REAL/eclipse/jre/bin/client;C:/Users/Ich/Documents/eclipse-jee_REAL/eclipse/jre/bin;C:\Program Files (x86)\Common Files\Oracle\Java\javapath;C:\Windows\system32;C:\Windows;C:\Windows\System32\Wbem;C:\Windows\System32\WindowsPowerShell\v1.0\;C:\Windows\System32\OpenSSH\;C:\Program Files\NVIDIA Corporation\NVIDIA NvDLISR;D:\nodejs\;C:\Program Files\Git\cmd;C:\Users\Ich\AppData\Local\Microsoft\WindowsApps;C:\Users\Ich\AppData\Roaming\npm
USERNAME=Ich
OS=Windows_NT
PROCESSOR_IDENTIFIER=Intel64 Family 6 Model 158 Stepping 10, GenuineIntel



---------------  S Y S T E M  ---------------

OS: Windows 10.0 , 64 bit Build 18362 (10.0.18362.329)

CPU:total 12 (initial active 12) (6 cores per cpu, 2 threads per core) family 6 model 158 stepping 10, cmov, cx8, fxsr, mmx, sse, sse2, sse3, ssse3, sse4.1, sse4.2, popcnt, avx, avx2, aes, clmul, erms, 3dnowpref, lzcnt, ht, tsc, tscinvbit, bmi1, bmi2, adx

Memory: 4k page, physical 66837116k(19012188k free), swap 97931000k(5068k free)

vm_info: Java HotSpot(TM) 64-Bit Server VM (25.241-b07) for windows-amd64 JRE (1.8.0_241-b07), built on Dec 11 2019 10:21:40 by "rejava" with MS VC++ 10.0 (VS2010)

time: Tue Mar 24 22:08:10 2020
timezone: Mitteleuropäische Zeit
elapsed time: 0 seconds (0d 0h 0m 0s)

